This is pdfTeXk, Version 3.141592-1.40.3 (Web2C 7.5.6) (format=pdflatex 2012.9.11)  4 APR 2013 14:47
entering extended mode
 %&-line parsing enabled.
**Report.tex
(./Report.tex
LaTeX2e <2005/12/01>
Babel <v3.8h> and hyphenation patterns for english, usenglishmax, dumylang, noh
yphenation, arabic, basque, bulgarian, coptic, welsh, czech, slovak, german, ng
erman, danish, esperanto, spanish, catalan, galician, estonian, farsi, finnish,
 french, greek, monogreek, ancientgreek, croatian, hungarian, interlingua, ibyc
us, indonesian, icelandic, italian, latin, mongolian, dutch, norsk, polish, por
tuguese, pinyin, romanian, russian, slovenian, uppersorbian, serbian, swedish, 
turkish, ukenglish, ukrainian, loaded.
(/usr/share/texmf/tex/latex/informatics/computerscience/reports/cs4rep.cls
Document Class: cs4rep 1995/02/02 DCS CS4 Report class
Parskip option
(/usr/share/texmf/tex/latex/base/report.cls
Document Class: report 2005/09/16 v1.4f Standard LaTeX document class
(/usr/share/texmf/tex/latex/base/size12.clo
File: size12.clo 2005/09/16 v1.4f Standard LaTeX file (size option)
)
\c@part=\count79
\c@chapter=\count80
\c@section=\count81
\c@subsection=\count82
\c@subsubsection=\count83
\c@paragraph=\count84
\c@subparagraph=\count85
\c@figure=\count86
\c@table=\count87
\abovecaptionskip=\skip41
\belowcaptionskip=\skip42
\bibindent=\dimen102
)
(/usr/share/texmf/tex/latex/ntgclass/a4.sty
Package: a4 2004/04/15 v1.2g A4 based page layout
)
Parskip package loaded
(/usr/share/texmf/tex/latex/ltxmisc/parskip.sty
Package: parskip 2001/04/09 non-zero parskip adjustments
))
(/usr/share/texmf/tex/latex/graphics/graphicx.sty
Package: graphicx 1999/02/16 v1.0f Enhanced LaTeX Graphics (DPC,SPQR)

(/usr/share/texmf/tex/latex/graphics/keyval.sty
Package: keyval 1999/03/16 v1.13 key=value parser (DPC)
\KV@toks@=\toks14
)
(/usr/share/texmf/tex/latex/graphics/graphics.sty
Package: graphics 2006/02/20 v1.0o Standard LaTeX Graphics (DPC,SPQR)

(/usr/share/texmf/tex/latex/graphics/trig.sty
Package: trig 1999/03/16 v1.09 sin cos tan (DPC)
)
(/usr/share/texmf/tex/latex/config/graphics.cfg
File: graphics.cfg 2007/01/18 v1.5 graphics configuration of teTeX/TeXLive
)
Package graphics Info: Driver file: pdftex.def on input line 90.

(/usr/share/texmf/tex/latex/pdftex-def/pdftex.def
File: pdftex.def 2007/01/08 v0.04d Graphics/color for pdfTeX
\Gread@gobject=\count88
))
\Gin@req@height=\dimen103
\Gin@req@width=\dimen104
)
(/usr/share/texmf/tex/latex/listings/listings.sty
\lst@mode=\count89
\lst@gtempboxa=\box26
\lst@token=\toks15
\lst@length=\count90
\lst@currlwidth=\dimen105
\lst@column=\count91
\lst@pos=\count92
\lst@lostspace=\dimen106
\lst@width=\dimen107
\lst@newlines=\count93
\lst@lineno=\count94
\c@lstlisting=\count95
\lst@maxwidth=\dimen108

(/usr/share/texmf/tex/latex/listings/lstpatch.sty
File: lstpatch.sty 2004/10/17 1.3b (Carsten Heinz)
)
(/usr/share/texmf/tex/latex/listings/lstmisc.sty
File: lstmisc.sty 2004/09/07 1.3 (Carsten Heinz)
\c@lstnumber=\count96
\lst@skipnumbers=\count97
\lst@framebox=\box27
)
(/usr/share/texmf/tex/latex/listings/listings.cfg
File: listings.cfg 2004/09/05 1.3 listings configuration
))
Package: listings 2004/10/17 1.3b (Carsten Heinz)

(/usr/share/texmf/tex/latex/graphics/color.sty
Package: color 2005/11/14 v1.0j Standard LaTeX Color (DPC)

(/usr/share/texmf/tex/latex/config/color.cfg
File: color.cfg 2007/01/18 v1.5 color configuration of teTeX/TeXLive
)
Package color Info: Driver file: pdftex.def on input line 130.
)
(/usr/share/texmf/tex/latex/listings/lstlang1.sty
File: lstlang1.sty 2004/09/05 1.3 listings language file
) (./Report.aux)
\openout1 = `Report.aux'.

LaTeX Font Info:    Checking defaults for OML/cmm/m/it on input line 31.
LaTeX Font Info:    ... okay on input line 31.
LaTeX Font Info:    Checking defaults for T1/cmr/m/n on input line 31.
LaTeX Font Info:    ... okay on input line 31.
LaTeX Font Info:    Checking defaults for OT1/cmr/m/n on input line 31.
LaTeX Font Info:    ... okay on input line 31.
LaTeX Font Info:    Checking defaults for OMS/cmsy/m/n on input line 31.
LaTeX Font Info:    ... okay on input line 31.
LaTeX Font Info:    Checking defaults for OMX/cmex/m/n on input line 31.
LaTeX Font Info:    ... okay on input line 31.
LaTeX Font Info:    Checking defaults for U/cmr/m/n on input line 31.
LaTeX Font Info:    ... okay on input line 31.

(/usr/share/texmf/tex/context/base/supp-pdf.tex
[Loading MPS to PDF converter (version 2006.09.02).]
\scratchcounter=\count98
\scratchdimen=\dimen109
\scratchbox=\box28
\nofMPsegments=\count99
\nofMParguments=\count100
\MPscratchCnt=\count101
\MPscratchDim=\dimen110
\MPnumerator=\count102
\everyMPtoPDFconversion=\toks16
)
LaTeX Font Info:    External font `cmex10' loaded for size
(Font)              <12> on input line 67.
LaTeX Font Info:    External font `cmex10' loaded for size
(Font)              <8> on input line 67.
LaTeX Font Info:    External font `cmex10' loaded for size
(Font)              <6> on input line 67.
 [1

{/var/lib/texmf/fonts/map/pdftex/updmap/pdftex.map}] [2

] [3] [4

]
(./Report.toc [5])
\tf@toc=\write3
\openout3 = `Report.toc'.

 [6]
 1.
[1


] [2]
 2.
[3

] <Moving.png, id=34, 579.16376pt x 433.62pt>
File: Moving.png Graphic file (type png)
 <use Moving.png> [4 <./Moving.png (PNG copy)>] <Spiral.png, id=39, 345.29pt x 
323.2075pt>
File: Spiral.png Graphic file (type png)
 <use Spiral.png>
[5 <./Spiral.png (PNG copy)>]
Overfull \hbox (12.0971pt too wide) in paragraph at lines 293--298
[]\OT1/cmr/m/n/12 WordCram also fea-tures ad-di-tional al-go-rithms for plac-in
g words, but since Castella's
 []

[6] [7] [8] [9] [10] [11] [12] [13] [14

]
 3.
[15]
LaTeX Font Info:    Try loading font information for OMS+cmr on input line 689.

 (/usr/share/texmf/tex/latex/base/omscmr.fd
File: omscmr.fd 1999/05/25 v2.5h Standard LaTeX font definitions
)
LaTeX Font Info:    Font shape `OMS/cmr/m/n' in size <12> not available
(Font)              Font shape `OMS/cmsy/m/n' tried instead on input line 689.
 [16] [17] [18] [19] [20]
 4.
[21

]

LaTeX Warning: Reference `sub:Additions-to-Word' on page 22 undefined on input 
line 926.

[22] [23]
Overfull \hbox (1.85277pt too wide) in paragraph at lines 1013--1019
[]\OT1/cmr/m/n/12 The al-go-rithm con-verts the pix-els into lo-cal co-or-di-na
tes (be-fore they are stretched)
 []

[24] <MVC.png, id=105, 742.775pt x 418.56375pt>
File: MVC.png Graphic file (type png)
 <use MVC.png>
Underfull \vbox (badness 7667) has occurred while \output is active []

 [25]
Underfull \vbox (badness 10000) has occurred while \output is active []

 [26 <./MVC.png (PNG copy)>] [27] <Er.png, id=116, 991.705pt x 528.97626pt>
File: Er.png Graphic file (type png)
 <use Er.png>
[28]
Underfull \vbox (badness 10000) has occurred while \output is active []

 [29 <./Er.png (PNG copy)>] [30] <Twitter2.png, id=126, 1007.765pt x 457.71pt>
File: Twitter2.png Graphic file (type png)

<use Twitter2.png> [31] [32 <./Twitter2.png (PNG copy)>]
<Lightbox.png, id=134, 1012.78375pt x 522.95375pt>
File: Lightbox.png Graphic file (type png)
 <use Lightbox.png>
Underfull \vbox (badness 10000) has occurred while \output is active []

 [33 <./Lightbox.png (PNG copy)>] [34] [35] [36] [37] [38] [39] [40

]
 5.
<HomePage.png, id=160, 1076.02pt x 405.515pt>
File: HomePage.png Graphic file (type png)
 <use HomePage.png>
<LoginVerify.png, id=161, 1035.87pt x 330.23375pt>
File: LoginVerify.png Graphic file (type png)
 <use LoginVerify.png>
<Profile.png, id=162, 908.39375pt x 502.87875pt>
File: Profile.png Graphic file (type png)
 <use Profile.png>
<Signup.png, id=163, 1073.00874pt x 433.62pt>
File: Signup.png Graphic file (type png)
 <use Signup.png>
<Storm.png, id=164, 1074.0125pt x 483.8075pt>
File: Storm.png Graphic file (type png)
 <use Storm.png>
<Twitter.png, id=165, 1066.98625pt x 331.2375pt>
File: Twitter.png Graphic file (type png)
 <use Twitter.png>
<Uploads.png, id=166, 865.2325pt x 421.575pt>
File: Uploads.png Graphic file (type png)
 <use Uploads.png> [41 <./HomePage.png (PNG copy)>] [42 <./LoginVerify.png (PNG
 copy)> <./Profile.png (PNG copy)> <./Signup.png (PNG copy)>] [43 <./Storm.png 
(PNG copy)> <./Twitter.png (PNG copy)> <./Uploads.png (PNG copy)>] [44] [45] [4
6]
 6.
(./Report.bbl [47

] [48

]
Overfull \hbox (7.35124pt too wide) in paragraph at lines 12--14
[]\OT1/cmr/m/n/12 Getting started with rails.  http://guides.rubyonrails.org/ge
tting[]started.html. 
 []


Underfull \hbox (badness 7468) in paragraph at lines 36--40
[]\OT1/cmr/m/n/12 Hanna An-drze-jew-ska.  So-cial shar-ing boosts email ctr up 
to
 []


Underfull \hbox (badness 10000) in paragraph at lines 51--55
[]\OT1/cmr/m/n/12 J. Castella and C. Sut-ton.  Word storms: Mul-ti-
 []


Underfull \hbox (badness 10000) in paragraph at lines 51--55
\OT1/cmr/m/n/12 ples of word clouds for vi-sual com-par-i-son of doc-u-ments.
 []


Underfull \hbox (badness 10000) in paragraph at lines 84--89
[]\OT1/cmr/m/n/12 Jonathan Fein-berg.  How to de-sign a wor-dle al-go-rithm.
 []


Underfull \hbox (badness 10000) in paragraph at lines 84--89
\OT1/cmr/m/n/12 http://stackoverflow.com/questions/342687/algorithm-to-implemen
t-a-
 []

[49]
Underfull \hbox (badness 10000) in paragraph at lines 104--107
[]\OT1/cmr/m/n/12 Information Com-mis-sioner's Of-fice.  Data pro-tec-tion act.

 []


Underfull \hbox (badness 1270) in paragraph at lines 114--119
\OT1/cmr/m/n/12 con-sent ex-emp-tion.  http://ec.europa.eu/justice/data-protect
ion/article-
 []


Underfull \hbox (badness 10000) in paragraph at lines 114--119
\OT1/cmr/m/n/12 29/documentation/opinion-recommendation/files/2012/wp194[]en.pd
f,
 []


Underfull \hbox (badness 10000) in paragraph at lines 121--126
[]\OT1/cmr/m/n/12 Open Web Ap-pli-ca-tion Se-cu-rity Project.  Owasp top ten.
 []


Underfull \hbox (badness 10000) in paragraph at lines 121--126
\OT1/cmr/m/n/12 http://owasptop10.googlecode.com/files/OWASP%20Top%2010%20-
 []


Underfull \hbox (badness 10000) in paragraph at lines 138--142
[]\OT1/cmr/m/n/12 Michael Slater.  Can rails scale? ab-so-lutely!
 []


Underfull \hbox (badness 10000) in paragraph at lines 144--147
[]\OT1/cmr/m/n/12 SQLite3.  Ap-pro-pri-ate uses for sqlite.
 []

) [50]
 7.
<MoveWord1.png, id=199, 998.73125pt x 496.85625pt>
File: MoveWord1.png Graphic file (type png)
 <use MoveWord1.png>
<MoveWord21.png, id=200, 993.7125pt x 506.89375pt>
File: MoveWord21.png Graphic file (type png)
 <use MoveWord21.png>
<MoveWord2.png, id=201, 1005.7575pt x 471.7625pt>
File: MoveWord2.png Graphic file (type png)
 <use MoveWord2.png>
<MoveWord3.png, id=202, 1008.76875pt x 486.81876pt>
File: MoveWord3.png Graphic file (type png)
 <use MoveWord3.png>
<MoveWord4.png, id=203, 1006.76125pt x 474.77374pt>
File: MoveWord4.png Graphic file (type png)
 <use MoveWord4.png>
[51

 <./MoveWord1.png (PNG copy)> <./MoveWord21.png (PNG copy)>] [52 <./MoveWord2.p
ng (PNG copy)> <./MoveWord3.png (PNG copy)> <./MoveWord4.png (PNG copy)>]
(./Report.aux)

LaTeX Warning: There were undefined references.

 ) 
Here is how much of TeX's memory you used:
 2488 strings out of 256216
 33728 string characters out of 1917072
 105565 words of memory out of 1500000
 5760 multiletter control sequences out of 10000+200000
 9667 words of font info for 34 fonts, out of 1200000 for 2000
 645 hyphenation exceptions out of 8191
 27i,9n,40p,669b,996s stack positions out of 5000i,500n,6000p,200000b,15000s
</usr/share/texmf/fonts/type1/bluesky/cm/cmbx12.pfb></usr/share/texmf/fonts/t
ype1/bluesky/cm/cmr12.pfb></usr/share/texmf/fonts/type1/bluesky/cm/cmr17.pfb></
usr/share/texmf/fonts/type1/bluesky/cm/cmsl12.pfb></usr/share/texmf/fonts/type1
/bluesky/cm/cmsy10.pfb></usr/share/texmf/fonts/type1/bluesky/cm/cmti12.pfb></us
r/share/texmf/fonts/type1/bluesky/cm/cmtt10.pfb>
Output written on Report.pdf (58 pages, 2022108 bytes).
PDF statistics:
 235 PDF objects out of 1000 (max. 8388607)
 0 named destinations out of 1000 (max. 131072)
 91 words of extra memory for PDF output out of 10000 (max. 10000000)

