Connecting to database specified by database.yml
Connecting to database specified by database.yml
Compiled jquery.js  (5ms)  (pid 17843)
Compiled jquery_ujs.js  (0ms)  (pid 17843)
Compiled jquery-fileupload/vendor/jquery.ui.widget.js  (0ms)  (pid 17843)
Compiled jquery-fileupload/vendor/load-image.js  (0ms)  (pid 17843)
Compiled jquery-fileupload/vendor/canvas-to-blob.js  (0ms)  (pid 17843)
Compiled jquery-fileupload/vendor/tmpl.js  (0ms)  (pid 17843)
Compiled jquery-fileupload/jquery.iframe-transport.js  (0ms)  (pid 17843)
Compiled jquery-fileupload/jquery.fileupload.js  (1ms)  (pid 17843)
Compiled jquery-fileupload/jquery.fileupload-ip.js  (0ms)  (pid 17843)
Compiled jquery-fileupload/jquery.fileupload-ui.js  (1ms)  (pid 17843)
Compiled jquery-fileupload/locale.js  (0ms)  (pid 17843)
Compiled jquery-fileupload/index.js  (127ms)  (pid 17843)
Compiled gallery.js  (186ms)  (pid 17843)
Compiled options.js  (3ms)  (pid 17843)
Compiled sessions.js  (1ms)  (pid 17843)
Compiled shadowbox-3.0.3/shadowbox.js  (9ms)  (pid 17843)
Compiled static_pages.js  (1ms)  (pid 17843)
Compiled uploads.js  (1ms)  (pid 17843)
Compiled users.js  (1ms)  (pid 17843)
Compiled application.js  (761ms)  (pid 17843)
Compiled jquery.fileupload-ui.css  (0ms)  (pid 17843)
Compiled bootstrap_and_overrides.css  (1817ms)  (pid 17843)
Compiled custom.css  (84ms)  (pid 17843)
Compiled gallery.css  (3ms)  (pid 17843)
Compiled options.css  (2ms)  (pid 17843)
Compiled scaffolds.css  (92ms)  (pid 17843)
Compiled sessions.css  (4ms)  (pid 17843)
Compiled static_pages.css  (2ms)  (pid 17843)
Compiled uploads.css  (4ms)  (pid 17843)
Compiled users.css  (2ms)  (pid 17843)
Compiled application.css  (2169ms)  (pid 17843)
DEPRECATION WARNING:
On line 1 of "", after "*"
Starting in Sass 3.2, "html" may only be used at the beginning of a selector.

Connecting to database specified by database.yml
Compiled jquery.js  (3ms)  (pid 17843)
Compiled jquery_ujs.js  (0ms)  (pid 17843)
Compiled jquery-fileupload/vendor/jquery.ui.widget.js  (1ms)  (pid 17843)
Compiled jquery-fileupload/vendor/load-image.js  (0ms)  (pid 17843)
Compiled jquery-fileupload/vendor/canvas-to-blob.js  (0ms)  (pid 17843)
Compiled jquery-fileupload/vendor/tmpl.js  (0ms)  (pid 17843)
Compiled jquery-fileupload/jquery.iframe-transport.js  (0ms)  (pid 17843)
Compiled jquery-fileupload/jquery.fileupload.js  (1ms)  (pid 17843)
Compiled jquery-fileupload/jquery.fileupload-ip.js  (0ms)  (pid 17843)
Compiled jquery-fileupload/jquery.fileupload-ui.js  (1ms)  (pid 17843)
Compiled jquery-fileupload/locale.js  (0ms)  (pid 17843)
Compiled jquery-fileupload/index.js  (155ms)  (pid 17843)
Compiled gallery.js  (151ms)  (pid 17843)
Compiled options.js  (1ms)  (pid 17843)
Compiled sessions.js  (1ms)  (pid 17843)
Compiled shadowbox-3.0.3/shadowbox.js  (1ms)  (pid 17843)
Compiled static_pages.js  (1ms)  (pid 17843)
Compiled uploads.js  (1ms)  (pid 17843)
Compiled users.js  (1ms)  (pid 17843)
Compiled application.js  (427ms)  (pid 17843)
Compiled jquery.fileupload-ui.css  (0ms)  (pid 17843)
Compiled bootstrap_and_overrides.css  (1598ms)  (pid 17843)
Compiled custom.css  (147ms)  (pid 17843)
Compiled gallery.css  (3ms)  (pid 17843)
Compiled options.css  (6ms)  (pid 17843)
Compiled scaffolds.css  (24ms)  (pid 17843)
Compiled sessions.css  (4ms)  (pid 17843)
Compiled static_pages.css  (2ms)  (pid 17843)
Compiled uploads.css  (4ms)  (pid 17843)
Compiled users.css  (2ms)  (pid 17843)
Compiled application.css  (1912ms)  (pid 17843)
DEPRECATION WARNING:
On line 1 of "", after "*"
Starting in Sass 3.2, "html" may only be used at the beginning of a selector.

